# JRE version: OpenJDK Runtime Environment (8.0_362-b09) (build 1.8.0_362-b09)
# Java VM: OpenJDK 64-Bit Server VM (25.362-b09 mixed mode windows-amd64 compressed oops)
Heap:
 PSYoungGen      total 127488K, used 9937K [0x00000000d8c00000, 0x00000000e0d00000, 0x0000000100000000)
  eden space 122880K, 8% used [0x00000000d8c00000,0x00000000d95b4638,0x00000000e0400000)
  from space 4608K, 0% used [0x00000000e0880000,0x00000000e0880000,0x00000000e0d00000)
  to   space 4608K, 0% used [0x00000000e0400000,0x00000000e0400000,0x00000000e0880000)
 ParOldGen       total 76288K, used 19506K [0x000000008a400000, 0x000000008ee80000, 0x00000000d8c00000)
  object space 76288K, 25% used [0x000000008a400000,0x000000008b70c9f8,0x000000008ee80000)
 Metaspace       used 21859K, capacity 22166K, committed 22400K, reserved 1069056K
  class space    used 2758K, capacity 2865K, committed 2944K, reserved 1048576K
GC Heap History (10 events):
Event: 0.617 GC heap before
{Heap before GC invocations=1 (full 0):
 PSYoungGen      total 35328K, used 30720K [0x00000000d8c00000, 0x00000000db300000, 0x0000000100000000)
  eden space 30720K, 100% used [0x00000000d8c00000,0x00000000daa00000,0x00000000daa00000)
  from space 4608K, 0% used [0x00000000dae80000,0x00000000dae80000,0x00000000db300000)
  to   space 4608K, 0% used [0x00000000daa00000,0x00000000daa00000,0x00000000dae80000)
 ParOldGen       total 80896K, used 0K [0x000000008a400000, 0x000000008f300000, 0x00000000d8c00000)
  object space 80896K, 0% used [0x000000008a400000,0x000000008a400000,0x000000008f300000)
 Metaspace       used 7201K, capacity 7402K, committed 7552K, reserved 1056768K
  class space    used 790K, capacity 869K, committed 896K, reserved 1048576K
Event: 0.626 GC heap after
Heap after GC invocations=1 (full 0):
 PSYoungGen      total 35328K, used 4579K [0x00000000d8c00000, 0x00000000dd100000, 0x0000000100000000)
  eden space 30720K, 0% used [0x00000000d8c00000,0x00000000d8c00000,0x00000000daa00000)
  from space 4608K, 99% used [0x00000000daa00000,0x00000000dae78eb8,0x00000000dae80000)
  to   space 4608K, 0% used [0x00000000dcc80000,0x00000000dcc80000,0x00000000dd100000)
 ParOldGen       total 80896K, used 2573K [0x000000008a400000, 0x000000008f300000, 0x00000000d8c00000)
  object space 80896K, 3% used [0x000000008a400000,0x000000008a683600,0x000000008f300000)
 Metaspace       used 7201K, capacity 7402K, committed 7552K, reserved 1056768K
  class space    used 790K, capacity 869K, committed 896K, reserved 1048576K
}
Event: 0.976 GC heap before
{Heap before GC invocations=2 (full 0):
 PSYoungGen      total 35328K, used 35299K [0x00000000d8c00000, 0x00000000dd100000, 0x0000000100000000)
  eden space 30720K, 100% used [0x00000000d8c00000,0x00000000daa00000,0x00000000daa00000)
  from space 4608K, 99% used [0x00000000daa00000,0x00000000dae78eb8,0x00000000dae80000)
  to   space 4608K, 0% used [0x00000000dcc80000,0x00000000dcc80000,0x00000000dd100000)
 ParOldGen       total 80896K, used 2573K [0x000000008a400000, 0x000000008f300000, 0x00000000d8c00000)
  object space 80896K, 3% used [0x000000008a400000,0x000000008a683600,0x000000008f300000)
 Metaspace       used 9990K, capacity 10140K, committed 10368K, reserved 1058816K
  class space    used 1194K, capacity 1288K, committed 1408K, reserved 1048576K
Event: 0.988 GC heap after
Heap after GC invocations=2 (full 0):
 PSYoungGen      total 66048K, used 4585K [0x00000000d8c00000, 0x00000000dd100000, 0x0000000100000000)
  eden space 61440K, 0% used [0x00000000d8c00000,0x00000000d8c00000,0x00000000dc800000)
  from space 4608K, 99% used [0x00000000dcc80000,0x00000000dd0fa7f8,0x00000000dd100000)
  to   space 4608K, 0% used [0x00000000dc800000,0x00000000dc800000,0x00000000dcc80000)
 ParOldGen       total 80896K, used 9868K [0x000000008a400000, 0x000000008f300000, 0x00000000d8c00000)
  object space 80896K, 12% used [0x000000008a400000,0x000000008ada33c0,0x000000008f300000)
 Metaspace       used 9990K, capacity 10140K, committed 10368K, reserved 1058816K
  class space    used 1194K, capacity 1288K, committed 1408K, reserved 1048576K
}
Event: 1.863 GC heap before
{Heap before GC invocations=3 (full 0):
 PSYoungGen      total 66048K, used 66025K [0x00000000d8c00000, 0x00000000dd100000, 0x0000000100000000)
  eden space 61440K, 100% used [0x00000000d8c00000,0x00000000dc800000,0x00000000dc800000)
  from space 4608K, 99% used [0x00000000dcc80000,0x00000000dd0fa7f8,0x00000000dd100000)
  to   space 4608K, 0% used [0x00000000dc800000,0x00000000dc800000,0x00000000dcc80000)
 ParOldGen       total 80896K, used 9868K [0x000000008a400000, 0x000000008f300000, 0x00000000d8c00000)
  object space 80896K, 12% used [0x000000008a400000,0x000000008ada33c0,0x000000008f300000)
 Metaspace       used 16628K, capacity 16798K, committed 17024K, reserved 1064960K
  class space    used 2077K, capacity 2131K, committed 2176K, reserved 1048576K
Event: 1.880 GC heap after
Heap after GC invocations=3 (full 0):
 PSYoungGen      total 66048K, used 4578K [0x00000000d8c00000, 0x00000000e0d00000, 0x0000000100000000)
  eden space 61440K, 0% used [0x00000000d8c00000,0x00000000d8c00000,0x00000000dc800000)
  from space 4608K, 99% used [0x00000000dc800000,0x00000000dcc78a80,0x00000000dcc80000)
  to   space 4608K, 0% used [0x00000000e0880000,0x00000000e0880000,0x00000000e0d00000)
 ParOldGen       total 80896K, used 20616K [0x000000008a400000, 0x000000008f300000, 0x00000000d8c00000)
  object space 80896K, 25% used [0x000000008a400000,0x000000008b822360,0x000000008f300000)
 Metaspace       used 16628K, capacity 16798K, committed 17024K, reserved 1064960K
  class space    used 2077K, capacity 2131K, committed 2176K, reserved 1048576K
}
Event: 2.812 GC heap before
{Heap before GC invocations=4 (full 0):
 PSYoungGen      total 66048K, used 51949K [0x00000000d8c00000, 0x00000000e0d00000, 0x0000000100000000)
  eden space 61440K, 77% used [0x00000000d8c00000,0x00000000dba42b48,0x00000000dc800000)
  from space 4608K, 99% used [0x00000000dc800000,0x00000000dcc78a80,0x00000000dcc80000)
  to   space 4608K, 0% used [0x00000000e0880000,0x00000000e0880000,0x00000000e0d00000)
 ParOldGen       total 80896K, used 20616K [0x000000008a400000, 0x000000008f300000, 0x00000000d8c00000)
  object space 80896K, 25% used [0x000000008a400000,0x000000008b822360,0x000000008f300000)
 Metaspace       used 20908K, capacity 21142K, committed 21248K, reserved 1067008K
  class space    used 2649K, capacity 2737K, committed 2816K, reserved 1048576K
Event: 2.832 GC heap after
Heap after GC invocations=4 (full 0):
 PSYoungGen      total 127488K, used 4587K [0x00000000d8c00000, 0x00000000e0d00000, 0x0000000100000000)
  eden space 122880K, 0% used [0x00000000d8c00000,0x00000000d8c00000,0x00000000e0400000)
  from space 4608K, 99% used [0x00000000e0880000,0x00000000e0cfad08,0x00000000e0d00000)
  to   space 4608K, 0% used [0x00000000e0400000,0x00000000e0400000,0x00000000e0880000)
 ParOldGen       total 80896K, used 27131K [0x000000008a400000, 0x000000008f300000, 0x00000000d8c00000)
  object space 80896K, 33% used [0x000000008a400000,0x000000008be7ef68,0x000000008f300000)
 Metaspace       used 20908K, capacity 21142K, committed 21248K, reserved 1067008K
  class space    used 2649K, capacity 2737K, committed 2816K, reserved 1048576K
}
Event: 2.832 GC heap before
{Heap before GC invocations=5 (full 1):
 PSYoungGen      total 127488K, used 4587K [0x00000000d8c00000, 0x00000000e0d00000, 0x0000000100000000)
  eden space 122880K, 0% used [0x00000000d8c00000,0x00000000d8c00000,0x00000000e0400000)
  from space 4608K, 99% used [0x00000000e0880000,0x00000000e0cfad08,0x00000000e0d00000)
  to   space 4608K, 0% used [0x00000000e0400000,0x00000000e0400000,0x00000000e0880000)
 ParOldGen       total 80896K, used 27131K [0x000000008a400000, 0x000000008f300000, 0x00000000d8c00000)
  object space 80896K, 33% used [0x000000008a400000,0x000000008be7ef68,0x000000008f300000)
 Metaspace       used 20908K, capacity 21142K, committed 21248K, reserved 1067008K
  class space    used 2649K, capacity 2737K, committed 2816K, reserved 1048576K
Event: 2.886 GC heap after
Heap after GC invocations=5 (full 1):
 PSYoungGen      total 127488K, used 0K [0x00000000d8c00000, 0x00000000e0d00000, 0x0000000100000000)
  eden space 122880K, 0% used [0x00000000d8c00000,0x00000000d8c00000,0x00000000e0400000)
  from space 4608K, 0% used [0x00000000e0880000,0x00000000e0880000,0x00000000e0d00000)
  to   space 4608K, 0% used [0x00000000e0400000,0x00000000e0400000,0x00000000e0880000)
 ParOldGen       total 76288K, used 19506K [0x000000008a400000, 0x000000008ee80000, 0x00000000d8c00000)
  object space 76288K, 25% used [0x000000008a400000,0x000000008b70c9f8,0x000000008ee80000)
 Metaspace       used 20908K, capacity 21142K, committed 21248K, reserved 1067008K
  class space    used 2649K, capacity 2737K, committed 2816K, reserved 1048576K
}

