# JRE version: OpenJDK Runtime Environment (8.0_362-b09) (build 1.8.0_362-b09)
# Java VM: OpenJDK 64-Bit Server VM (25.362-b09 mixed mode windows-amd64 compressed oops)
Heap:
 PSYoungGen      total 127488K, used 86649K [0x00000000d8c00000, 0x00000000e0d00000, 0x0000000100000000)
  eden space 122880K, 70% used [0x00000000d8c00000,0x00000000de09e4e0,0x00000000e0400000)
  from space 4608K, 0% used [0x00000000e0880000,0x00000000e0880000,0x00000000e0d00000)
  to   space 4608K, 0% used [0x00000000e0400000,0x00000000e0400000,0x00000000e0880000)
 ParOldGen       total 77824K, used 17988K [0x000000008a400000, 0x000000008f000000, 0x00000000d8c00000)
  object space 77824K, 23% used [0x000000008a400000,0x000000008b591068,0x000000008f000000)
 Metaspace       used 22447K, capacity 22852K, committed 22912K, reserved 1069056K
  class space    used 2792K, capacity 2894K, committed 2944K, reserved 1048576K
GC Heap History (10 events):
Event: 0.616 GC heap before
{Heap before GC invocations=1 (full 0):
 PSYoungGen      total 35328K, used 30720K [0x00000000d8c00000, 0x00000000db300000, 0x0000000100000000)
  eden space 30720K, 100% used [0x00000000d8c00000,0x00000000daa00000,0x00000000daa00000)
  from space 4608K, 0% used [0x00000000dae80000,0x00000000dae80000,0x00000000db300000)
  to   space 4608K, 0% used [0x00000000daa00000,0x00000000daa00000,0x00000000dae80000)
 ParOldGen       total 80896K, used 0K [0x000000008a400000, 0x000000008f300000, 0x00000000d8c00000)
  object space 80896K, 0% used [0x000000008a400000,0x000000008a400000,0x000000008f300000)
 Metaspace       used 7199K, capacity 7402K, committed 7552K, reserved 1056768K
  class space    used 790K, capacity 869K, committed 896K, reserved 1048576K
Event: 0.624 GC heap after
Heap after GC invocations=1 (full 0):
 PSYoungGen      total 35328K, used 4586K [0x00000000d8c00000, 0x00000000dd100000, 0x0000000100000000)
  eden space 30720K, 0% used [0x00000000d8c00000,0x00000000d8c00000,0x00000000daa00000)
  from space 4608K, 99% used [0x00000000daa00000,0x00000000dae7aa08,0x00000000dae80000)
  to   space 4608K, 0% used [0x00000000dcc80000,0x00000000dcc80000,0x00000000dd100000)
 ParOldGen       total 80896K, used 3326K [0x000000008a400000, 0x000000008f300000, 0x00000000d8c00000)
  object space 80896K, 4% used [0x000000008a400000,0x000000008a73f868,0x000000008f300000)
 Metaspace       used 7199K, capacity 7402K, committed 7552K, reserved 1056768K
  class space    used 790K, capacity 869K, committed 896K, reserved 1048576K
}
Event: 0.980 GC heap before
{Heap before GC invocations=2 (full 0):
 PSYoungGen      total 35328K, used 35306K [0x00000000d8c00000, 0x00000000dd100000, 0x0000000100000000)
  eden space 30720K, 100% used [0x00000000d8c00000,0x00000000daa00000,0x00000000daa00000)
  from space 4608K, 99% used [0x00000000daa00000,0x00000000dae7aa08,0x00000000dae80000)
  to   space 4608K, 0% used [0x00000000dcc80000,0x00000000dcc80000,0x00000000dd100000)
 ParOldGen       total 80896K, used 3326K [0x000000008a400000, 0x000000008f300000, 0x00000000d8c00000)
  object space 80896K, 4% used [0x000000008a400000,0x000000008a73f868,0x000000008f300000)
 Metaspace       used 9991K, capacity 10140K, committed 10368K, reserved 1058816K
  class space    used 1194K, capacity 1288K, committed 1408K, reserved 1048576K
Event: 0.990 GC heap after
Heap after GC invocations=2 (full 0):
 PSYoungGen      total 66048K, used 4601K [0x00000000d8c00000, 0x00000000dd100000, 0x0000000100000000)
  eden space 61440K, 0% used [0x00000000d8c00000,0x00000000d8c00000,0x00000000dc800000)
  from space 4608K, 99% used [0x00000000dcc80000,0x00000000dd0fe408,0x00000000dd100000)
  to   space 4608K, 0% used [0x00000000dc800000,0x00000000dc800000,0x00000000dcc80000)
 ParOldGen       total 80896K, used 9958K [0x000000008a400000, 0x000000008f300000, 0x00000000d8c00000)
  object space 80896K, 12% used [0x000000008a400000,0x000000008adb9a98,0x000000008f300000)
 Metaspace       used 9991K, capacity 10140K, committed 10368K, reserved 1058816K
  class space    used 1194K, capacity 1288K, committed 1408K, reserved 1048576K
}
Event: 1.903 GC heap before
{Heap before GC invocations=3 (full 0):
 PSYoungGen      total 66048K, used 66041K [0x00000000d8c00000, 0x00000000dd100000, 0x0000000100000000)
  eden space 61440K, 100% used [0x00000000d8c00000,0x00000000dc800000,0x00000000dc800000)
  from space 4608K, 99% used [0x00000000dcc80000,0x00000000dd0fe408,0x00000000dd100000)
  to   space 4608K, 0% used [0x00000000dc800000,0x00000000dc800000,0x00000000dcc80000)
 ParOldGen       total 80896K, used 9958K [0x000000008a400000, 0x000000008f300000, 0x00000000d8c00000)
  object space 80896K, 12% used [0x000000008a400000,0x000000008adb9a98,0x000000008f300000)
 Metaspace       used 16636K, capacity 16798K, committed 17024K, reserved 1064960K
  class space    used 2076K, capacity 2131K, committed 2176K, reserved 1048576K
Event: 1.919 GC heap after
Heap after GC invocations=3 (full 0):
 PSYoungGen      total 66048K, used 4584K [0x00000000d8c00000, 0x00000000e0d00000, 0x0000000100000000)
  eden space 61440K, 0% used [0x00000000d8c00000,0x00000000d8c00000,0x00000000dc800000)
  from space 4608K, 99% used [0x00000000dc800000,0x00000000dcc7a018,0x00000000dcc80000)
  to   space 4608K, 0% used [0x00000000e0880000,0x00000000e0880000,0x00000000e0d00000)
 ParOldGen       total 80896K, used 21464K [0x000000008a400000, 0x000000008f300000, 0x00000000d8c00000)
  object space 80896K, 26% used [0x000000008a400000,0x000000008b8f6200,0x000000008f300000)
 Metaspace       used 16636K, capacity 16798K, committed 17024K, reserved 1064960K
  class space    used 2076K, capacity 2131K, committed 2176K, reserved 1048576K
}
Event: 2.808 GC heap before
{Heap before GC invocations=4 (full 0):
 PSYoungGen      total 66048K, used 45893K [0x00000000d8c00000, 0x00000000e0d00000, 0x0000000100000000)
  eden space 61440K, 67% used [0x00000000d8c00000,0x00000000db4574b0,0x00000000dc800000)
  from space 4608K, 99% used [0x00000000dc800000,0x00000000dcc7a018,0x00000000dcc80000)
  to   space 4608K, 0% used [0x00000000e0880000,0x00000000e0880000,0x00000000e0d00000)
 ParOldGen       total 80896K, used 21464K [0x000000008a400000, 0x000000008f300000, 0x00000000d8c00000)
  object space 80896K, 26% used [0x000000008a400000,0x000000008b8f6200,0x000000008f300000)
 Metaspace       used 20847K, capacity 21126K, committed 21248K, reserved 1067008K
  class space    used 2652K, capacity 2745K, committed 2816K, reserved 1048576K
Event: 2.818 GC heap after
Heap after GC invocations=4 (full 0):
 PSYoungGen      total 127488K, used 4602K [0x00000000d8c00000, 0x00000000e0d00000, 0x0000000100000000)
  eden space 122880K, 0% used [0x00000000d8c00000,0x00000000d8c00000,0x00000000e0400000)
  from space 4608K, 99% used [0x00000000e0880000,0x00000000e0cfe928,0x00000000e0d00000)
  to   space 4608K, 0% used [0x00000000e0400000,0x00000000e0400000,0x00000000e0880000)
 ParOldGen       total 80896K, used 30072K [0x000000008a400000, 0x000000008f300000, 0x00000000d8c00000)
  object space 80896K, 37% used [0x000000008a400000,0x000000008c15e000,0x000000008f300000)
 Metaspace       used 20847K, capacity 21126K, committed 21248K, reserved 1067008K
  class space    used 2652K, capacity 2745K, committed 2816K, reserved 1048576K
}
Event: 2.818 GC heap before
{Heap before GC invocations=5 (full 1):
 PSYoungGen      total 127488K, used 4602K [0x00000000d8c00000, 0x00000000e0d00000, 0x0000000100000000)
  eden space 122880K, 0% used [0x00000000d8c00000,0x00000000d8c00000,0x00000000e0400000)
  from space 4608K, 99% used [0x00000000e0880000,0x00000000e0cfe928,0x00000000e0d00000)
  to   space 4608K, 0% used [0x00000000e0400000,0x00000000e0400000,0x00000000e0880000)
 ParOldGen       total 80896K, used 30072K [0x000000008a400000, 0x000000008f300000, 0x00000000d8c00000)
  object space 80896K, 37% used [0x000000008a400000,0x000000008c15e000,0x000000008f300000)
 Metaspace       used 20847K, capacity 21126K, committed 21248K, reserved 1067008K
  class space    used 2652K, capacity 2745K, committed 2816K, reserved 1048576K
Event: 2.869 GC heap after
Heap after GC invocations=5 (full 1):
 PSYoungGen      total 127488K, used 0K [0x00000000d8c00000, 0x00000000e0d00000, 0x0000000100000000)
  eden space 122880K, 0% used [0x00000000d8c00000,0x00000000d8c00000,0x00000000e0400000)
  from space 4608K, 0% used [0x00000000e0880000,0x00000000e0880000,0x00000000e0d00000)
  to   space 4608K, 0% used [0x00000000e0400000,0x00000000e0400000,0x00000000e0880000)
 ParOldGen       total 77824K, used 17988K [0x000000008a400000, 0x000000008f000000, 0x00000000d8c00000)
  object space 77824K, 23% used [0x000000008a400000,0x000000008b591068,0x000000008f000000)
 Metaspace       used 20847K, capacity 21126K, committed 21248K, reserved 1067008K
  class space    used 2652K, capacity 2745K, committed 2816K, reserved 1048576K
}

