# JRE version: OpenJDK Runtime Environment (8.0_362-b09) (build 1.8.0_362-b09)
# Java VM: OpenJDK 64-Bit Server VM (25.362-b09 mixed mode windows-amd64 compressed oops)
Heap:
 PSYoungGen      total 127488K, used 79110K [0x00000000d8c00000, 0x00000000e0d00000, 0x0000000100000000)
  eden space 122880K, 64% used [0x00000000d8c00000,0x00000000dd9419f0,0x00000000e0400000)
  from space 4608K, 0% used [0x00000000e0880000,0x00000000e0880000,0x00000000e0d00000)
  to   space 4608K, 0% used [0x00000000e0400000,0x00000000e0400000,0x00000000e0880000)
 ParOldGen       total 79872K, used 22318K [0x000000008a400000, 0x000000008f200000, 0x00000000d8c00000)
  object space 79872K, 27% used [0x000000008a400000,0x000000008b9cb9e8,0x000000008f200000)
 Metaspace       used 22321K, capacity 22696K, committed 22912K, reserved 1069056K
  class space    used 2781K, capacity 2892K, committed 2944K, reserved 1048576K
GC Heap History (10 events):
Event: 0.634 GC heap before
{Heap before GC invocations=1 (full 0):
 PSYoungGen      total 35328K, used 30720K [0x00000000d8c00000, 0x00000000db300000, 0x0000000100000000)
  eden space 30720K, 100% used [0x00000000d8c00000,0x00000000daa00000,0x00000000daa00000)
  from space 4608K, 0% used [0x00000000dae80000,0x00000000dae80000,0x00000000db300000)
  to   space 4608K, 0% used [0x00000000daa00000,0x00000000daa00000,0x00000000dae80000)
 ParOldGen       total 80896K, used 0K [0x000000008a400000, 0x000000008f300000, 0x00000000d8c00000)
  object space 80896K, 0% used [0x000000008a400000,0x000000008a400000,0x000000008f300000)
 Metaspace       used 7198K, capacity 7386K, committed 7552K, reserved 1056768K
  class space    used 789K, capacity 869K, committed 896K, reserved 1048576K
Event: 0.643 GC heap after
Heap after GC invocations=1 (full 0):
 PSYoungGen      total 35328K, used 4593K [0x00000000d8c00000, 0x00000000dd100000, 0x0000000100000000)
  eden space 30720K, 0% used [0x00000000d8c00000,0x00000000d8c00000,0x00000000daa00000)
  from space 4608K, 99% used [0x00000000daa00000,0x00000000dae7c750,0x00000000dae80000)
  to   space 4608K, 0% used [0x00000000dcc80000,0x00000000dcc80000,0x00000000dd100000)
 ParOldGen       total 80896K, used 3046K [0x000000008a400000, 0x000000008f300000, 0x00000000d8c00000)
  object space 80896K, 3% used [0x000000008a400000,0x000000008a6f9868,0x000000008f300000)
 Metaspace       used 7198K, capacity 7386K, committed 7552K, reserved 1056768K
  class space    used 789K, capacity 869K, committed 896K, reserved 1048576K
}
Event: 0.985 GC heap before
{Heap before GC invocations=2 (full 0):
 PSYoungGen      total 35328K, used 35313K [0x00000000d8c00000, 0x00000000dd100000, 0x0000000100000000)
  eden space 30720K, 100% used [0x00000000d8c00000,0x00000000daa00000,0x00000000daa00000)
  from space 4608K, 99% used [0x00000000daa00000,0x00000000dae7c750,0x00000000dae80000)
  to   space 4608K, 0% used [0x00000000dcc80000,0x00000000dcc80000,0x00000000dd100000)
 ParOldGen       total 80896K, used 3046K [0x000000008a400000, 0x000000008f300000, 0x00000000d8c00000)
  object space 80896K, 3% used [0x000000008a400000,0x000000008a6f9868,0x000000008f300000)
 Metaspace       used 9985K, capacity 10188K, committed 10368K, reserved 1058816K
  class space    used 1194K, capacity 1288K, committed 1408K, reserved 1048576K
Event: 0.997 GC heap after
Heap after GC invocations=2 (full 0):
 PSYoungGen      total 66048K, used 4603K [0x00000000d8c00000, 0x00000000dd100000, 0x0000000100000000)
  eden space 61440K, 0% used [0x00000000d8c00000,0x00000000d8c00000,0x00000000dc800000)
  from space 4608K, 99% used [0x00000000dcc80000,0x00000000dd0fee68,0x00000000dd100000)
  to   space 4608K, 0% used [0x00000000dc800000,0x00000000dc800000,0x00000000dcc80000)
 ParOldGen       total 80896K, used 10901K [0x000000008a400000, 0x000000008f300000, 0x00000000d8c00000)
  object space 80896K, 13% used [0x000000008a400000,0x000000008aea5460,0x000000008f300000)
 Metaspace       used 9985K, capacity 10188K, committed 10368K, reserved 1058816K
  class space    used 1194K, capacity 1288K, committed 1408K, reserved 1048576K
}
Event: 1.903 GC heap before
{Heap before GC invocations=3 (full 0):
 PSYoungGen      total 66048K, used 66043K [0x00000000d8c00000, 0x00000000dd100000, 0x0000000100000000)
  eden space 61440K, 100% used [0x00000000d8c00000,0x00000000dc800000,0x00000000dc800000)
  from space 4608K, 99% used [0x00000000dcc80000,0x00000000dd0fee68,0x00000000dd100000)
  to   space 4608K, 0% used [0x00000000dc800000,0x00000000dc800000,0x00000000dcc80000)
 ParOldGen       total 80896K, used 10901K [0x000000008a400000, 0x000000008f300000, 0x00000000d8c00000)
  object space 80896K, 13% used [0x000000008a400000,0x000000008aea5460,0x000000008f300000)
 Metaspace       used 16619K, capacity 16782K, committed 17024K, reserved 1064960K
  class space    used 2075K, capacity 2131K, committed 2176K, reserved 1048576K
Event: 1.930 GC heap after
Heap after GC invocations=3 (full 0):
 PSYoungGen      total 66048K, used 4593K [0x00000000d8c00000, 0x00000000e0d00000, 0x0000000100000000)
  eden space 61440K, 0% used [0x00000000d8c00000,0x00000000d8c00000,0x00000000dc800000)
  from space 4608K, 99% used [0x00000000dc800000,0x00000000dcc7c7d0,0x00000000dcc80000)
  to   space 4608K, 0% used [0x00000000e0880000,0x00000000e0880000,0x00000000e0d00000)
 ParOldGen       total 80896K, used 22917K [0x000000008a400000, 0x000000008f300000, 0x00000000d8c00000)
  object space 80896K, 28% used [0x000000008a400000,0x000000008ba616f8,0x000000008f300000)
 Metaspace       used 16619K, capacity 16782K, committed 17024K, reserved 1064960K
  class space    used 2075K, capacity 2131K, committed 2176K, reserved 1048576K
}
Event: 2.862 GC heap before
{Heap before GC invocations=4 (full 0):
 PSYoungGen      total 66048K, used 47178K [0x00000000d8c00000, 0x00000000e0d00000, 0x0000000100000000)
  eden space 61440K, 69% used [0x00000000d8c00000,0x00000000db596290,0x00000000dc800000)
  from space 4608K, 99% used [0x00000000dc800000,0x00000000dcc7c7d0,0x00000000dcc80000)
  to   space 4608K, 0% used [0x00000000e0880000,0x00000000e0880000,0x00000000e0d00000)
 ParOldGen       total 80896K, used 22917K [0x000000008a400000, 0x000000008f300000, 0x00000000d8c00000)
  object space 80896K, 28% used [0x000000008a400000,0x000000008ba616f8,0x000000008f300000)
 Metaspace       used 20835K, capacity 21116K, committed 21248K, reserved 1067008K
  class space    used 2646K, capacity 2746K, committed 2816K, reserved 1048576K
Event: 2.880 GC heap after
Heap after GC invocations=4 (full 0):
 PSYoungGen      total 127488K, used 4579K [0x00000000d8c00000, 0x00000000e0d00000, 0x0000000100000000)
  eden space 122880K, 0% used [0x00000000d8c00000,0x00000000d8c00000,0x00000000e0400000)
  from space 4608K, 99% used [0x00000000e0880000,0x00000000e0cf8fb0,0x00000000e0d00000)
  to   space 4608K, 0% used [0x00000000e0400000,0x00000000e0400000,0x00000000e0880000)
 ParOldGen       total 80896K, used 28182K [0x000000008a400000, 0x000000008f300000, 0x00000000d8c00000)
  object space 80896K, 34% used [0x000000008a400000,0x000000008bf85ac0,0x000000008f300000)
 Metaspace       used 20835K, capacity 21116K, committed 21248K, reserved 1067008K
  class space    used 2646K, capacity 2746K, committed 2816K, reserved 1048576K
}
Event: 2.880 GC heap before
{Heap before GC invocations=5 (full 1):
 PSYoungGen      total 127488K, used 4579K [0x00000000d8c00000, 0x00000000e0d00000, 0x0000000100000000)
  eden space 122880K, 0% used [0x00000000d8c00000,0x00000000d8c00000,0x00000000e0400000)
  from space 4608K, 99% used [0x00000000e0880000,0x00000000e0cf8fb0,0x00000000e0d00000)
  to   space 4608K, 0% used [0x00000000e0400000,0x00000000e0400000,0x00000000e0880000)
 ParOldGen       total 80896K, used 28182K [0x000000008a400000, 0x000000008f300000, 0x00000000d8c00000)
  object space 80896K, 34% used [0x000000008a400000,0x000000008bf85ac0,0x000000008f300000)
 Metaspace       used 20835K, capacity 21116K, committed 21248K, reserved 1067008K
  class space    used 2646K, capacity 2746K, committed 2816K, reserved 1048576K
Event: 2.932 GC heap after
Heap after GC invocations=5 (full 1):
 PSYoungGen      total 127488K, used 0K [0x00000000d8c00000, 0x00000000e0d00000, 0x0000000100000000)
  eden space 122880K, 0% used [0x00000000d8c00000,0x00000000d8c00000,0x00000000e0400000)
  from space 4608K, 0% used [0x00000000e0880000,0x00000000e0880000,0x00000000e0d00000)
  to   space 4608K, 0% used [0x00000000e0400000,0x00000000e0400000,0x00000000e0880000)
 ParOldGen       total 79872K, used 22318K [0x000000008a400000, 0x000000008f200000, 0x00000000d8c00000)
  object space 79872K, 27% used [0x000000008a400000,0x000000008b9cb9e8,0x000000008f200000)
 Metaspace       used 20835K, capacity 21116K, committed 21248K, reserved 1067008K
  class space    used 2646K, capacity 2746K, committed 2816K, reserved 1048576K
}

